{
  "RSpec": {
    "coverage": {
      "/Users/kikidawson/Desktop/Projects/week-10/GildedRose-Refactoring-Kata/ruby/spec/gilded_rose_spec.rb": {
        "lines": [
          null,
          null,
          1,
          null,
          1,
          1,
          null,
          16,
          null,
          null,
          null,
          null,
          null,
          null,
          null,
          null,
          null,
          null,
          null,
          null,
          null,
          null,
          null,
          16,
          16,
          null,
          null,
          1,
          1,
          1,
          1,
          null,
          null,
          1,
          1,
          1,
          null,
          null,
          1,
          1,
          1,
          null,
          null,
          1,
          1,
          1,
          null,
          null,
          null,
          1,
          1,
          1,
          1,
          null,
          null,
          null,
          1,
          1,
          1,
          1,
          null,
          null,
          1,
          1,
          1,
          null,
          null,
          null,
          1,
          1,
          1,
          1,
          null,
          null,
          1,
          1,
          1,
          null,
          null,
          1,
          1,
          1,
          null,
          null,
          1,
          1,
          1,
          null,
          null,
          1,
          1,
          1,
          null,
          null,
          null,
          1,
          1,
          1,
          1,
          null,
          null,
          1,
          1,
          1,
          null,
          null,
          1,
          1,
          1,
          null,
          null,
          1,
          1,
          1,
          null,
          null,
          null,
          null
        ]
      },
      "/Users/kikidawson/Desktop/Projects/week-10/GildedRose-Refactoring-Kata/ruby/lib/gilded_rose.rb": {
        "lines": [
          null,
          null,
          1,
          1,
          16,
          null,
          null,
          1,
          16,
          240,
          null,
          null,
          null,
          1,
          null,
          1,
          240,
          null,
          null,
          1,
          224,
          224,
          null,
          null,
          1,
          176,
          32,
          144,
          80,
          null,
          64,
          null,
          null,
          null,
          1,
          176,
          null,
          null,
          1,
          160,
          null,
          null,
          1,
          144,
          null,
          null,
          1,
          80,
          null,
          null,
          1,
          64,
          null,
          null,
          1,
          32,
          null,
          null,
          1,
          80,
          null,
          64,
          64,
          64,
          null,
          null,
          1,
          64,
          64,
          64,
          null,
          null,
          1,
          32,
          32,
          null,
          null,
          1,
          304,
          null,
          null,
          1,
          144,
          null,
          null,
          1,
          144,
          null,
          null,
          null,
          1,
          1,
          null,
          1,
          244,
          244,
          244,
          null,
          null,
          1,
          1,
          null,
          null
        ]
      },
      "/Users/kikidawson/Desktop/Projects/week-10/GildedRose-Refactoring-Kata/ruby/spec/item_spec.rb": {
        "lines": [
          null,
          null,
          1,
          null,
          1,
          5,
          null,
          1,
          1,
          null,
          null,
          1,
          1,
          null,
          null,
          1,
          1,
          null,
          null,
          1,
          1,
          1,
          null,
          null,
          null
        ]
      }
    },
    "timestamp": 1613129186
  }
}
